<?xml version="1.0" encoding="UTF-8"?>
<!-- Generated by org.testng.reporters.JUnitReportReporter -->
<testsuite hostname="DESKTOP-2L7QON7" failures="0" tests="2" name="com.testng.demo.TestNGDemo2" time="19.410" errors="0" timestamp="2023-06-27T20:09:31 IST" skipped="0">
  <testcase classname="com.testng.demo.TestNGDemo2" name="launchSpeakLangII" time="10.076"/>
  <system-out/>
  <testcase classname="com.testng.demo.TestNGDemo2" name="launchRediffEmailII" time="9.334"/>
  <system-out/>
</testsuite> <!-- com.testng.demo.TestNGDemo2 -->
