<?xml version="1.0" encoding="UTF-8"?>
<!-- Generated by org.testng.reporters.JUnitReportReporter -->
<testsuite hostname="DESKTOP-2L7QON7" failures="0" tests="1" name="com.selenium.demo.SeleniumLocatorsDemo2" time="14.314" errors="0" timestamp="2023-06-30T20:21:52 IST" skipped="0">
  <testcase classname="com.selenium.demo.SeleniumLocatorsDemo2" name="locatorsDemo" time="14.314"/>
  <system-out/>
</testsuite> <!-- com.selenium.demo.SeleniumLocatorsDemo2 -->
