<?xml version="1.0" encoding="UTF-8"?>
<!-- Generated by org.testng.reporters.JUnitReportReporter -->
<testsuite hostname="DESKTOP-2L7QON7" failures="0" tests="1" name="com.testng.demo.SeleniumMethodsDemo8" time="24.405" errors="0" timestamp="2023-07-17T20:30:36 IST" skipped="0">
  <testcase classname="com.testng.demo.SeleniumMethodsDemo8" name="launchAppinTabs" time="24.405"/>
  <system-out/>
</testsuite> <!-- com.testng.demo.SeleniumMethodsDemo8 -->
