<?xml version="1.0" encoding="UTF-8"?>
<!-- Generated by org.testng.reporters.JUnitReportReporter -->
<testsuite hostname="DESKTOP-2L7QON7" failures="0" tests="1" name="com.testng.demo.SeleniumMethodsDemo3" time="53.554" errors="0" timestamp="2023-07-12T20:25:48 IST" skipped="0">
  <testcase classname="com.testng.demo.SeleniumMethodsDemo3" name="launchApp" time="53.554"/>
  <system-out/>
</testsuite> <!-- com.testng.demo.SeleniumMethodsDemo3 -->
