<?xml version="1.0" encoding="UTF-8"?>
<!-- Generated by org.testng.reporters.JUnitReportReporter -->
<testsuite hostname="DESKTOP-2L7QON7" failures="0" tests="2" name="com.testng.demo.TestNGDemo" time="22.745" errors="0" timestamp="2023-06-26T20:35:56 IST" skipped="0">
  <testcase classname="com.testng.demo.TestNGDemo" name="launchRediffEmail" time="9.995"/>
  <system-out/>
  <testcase classname="com.testng.demo.TestNGDemo" name="launchSpeakLang" time="12.750"/>
  <system-out/>
</testsuite> <!-- com.testng.demo.TestNGDemo -->
