<?xml version="1.0" encoding="UTF-8"?>
<!-- Generated by org.testng.reporters.JUnitReportReporter -->
<testsuite hostname="DESKTOP-2L7QON7" failures="0" tests="1" name="com.selenium.demo.SeleniumLocatorsDemo" time="23.414" errors="0" timestamp="2023-06-29T20:35:56 IST" skipped="0">
  <testcase classname="com.selenium.demo.SeleniumLocatorsDemo" name="locatorsDemo" time="23.414"/>
  <system-out/>
</testsuite> <!-- com.selenium.demo.SeleniumLocatorsDemo -->
