<?xml version="1.0" encoding="UTF-8"?>
<!-- Generated by org.testng.reporters.JUnitReportReporter -->
<testsuite hostname="DESKTOP-2L7QON7" failures="0" tests="1" name="com.testng.demo.SeleniumMethodsDemo5" time="16.869" errors="0" timestamp="2023-07-14T20:06:23 IST" skipped="0">
  <testcase classname="com.testng.demo.SeleniumMethodsDemo5" name="launchApp" time="16.869"/>
  <system-out/>
</testsuite> <!-- com.testng.demo.SeleniumMethodsDemo5 -->
