<?xml version="1.0" encoding="UTF-8"?>
<!-- Generated by org.testng.reporters.JUnitReportReporter -->
<testsuite hostname="DESKTOP-2L7QON7" failures="0" tests="2" name="com.testng.demo.TestNGDemo2" time="24.501" errors="0" timestamp="2023-06-28T20:14:12 IST" skipped="0">
  <testcase classname="com.testng.demo.TestNGDemo2" name="launchRediffEmailII" time="11.242"/>
  <system-out/>
  <testcase classname="com.testng.demo.TestNGDemo2" name="launchSpeakLangII" time="13.259"/>
  <system-out/>
</testsuite> <!-- com.testng.demo.TestNGDemo2 -->
