<?xml version="1.0" encoding="UTF-8"?>
<!-- Generated by org.testng.reporters.JUnitReportReporter -->
<testsuite hostname="DESKTOP-2L7QON7" failures="0" tests="2" name="com.testng.demo.TestNGDemo" time="26.030" errors="0" timestamp="2023-06-28T20:14:12 IST" skipped="0">
  <testcase classname="com.testng.demo.TestNGDemo" name="launchRediffEmailI" time="13.710"/>
  <system-out/>
  <testcase classname="com.testng.demo.TestNGDemo" name="launchSpeakLangI" time="12.320"/>
  <system-out/>
</testsuite> <!-- com.testng.demo.TestNGDemo -->
