<?xml version="1.0" encoding="UTF-8"?>
<!-- Generated by org.testng.reporters.JUnitReportReporter -->
<testsuite hostname="DESKTOP-2L7QON7" failures="0" tests="1" name="com.testng.demo.SeleniumMethodsDemo4" time="5.931" errors="0" timestamp="2023-07-13T22:21:40 IST" skipped="0">
  <testcase classname="com.testng.demo.SeleniumMethodsDemo4" name="launchApp" time="5.931"/>
  <system-out/>
</testsuite> <!-- com.testng.demo.SeleniumMethodsDemo4 -->
