<?xml version="1.0" encoding="UTF-8"?>
<!-- Generated by org.testng.reporters.JUnitReportReporter -->
<testsuite hostname="DESKTOP-2L7QON7" failures="0" tests="1" name="com.testng.demo.SeleniumMethodsDemo9" time="29.731" errors="0" timestamp="2023-07-18T20:10:03 IST" skipped="0">
  <testcase classname="com.testng.demo.SeleniumMethodsDemo9" name="signUpintoApp" time="29.731"/>
  <system-out/>
</testsuite> <!-- com.testng.demo.SeleniumMethodsDemo9 -->
