<?xml version="1.0" encoding="UTF-8"?>
<!-- Generated by org.testng.reporters.JUnitReportReporter -->
<testsuite hostname="DESKTOP-2L7QON7" failures="0" tests="1" name="com.testng.demo.SeleniumMethodsDemo7" time="150.476" errors="0" timestamp="2023-07-17T19:55:24 IST" skipped="0">
  <testcase classname="com.testng.demo.SeleniumMethodsDemo7" name="launchApp" time="150.476"/>
  <system-out/>
</testsuite> <!-- com.testng.demo.SeleniumMethodsDemo7 -->
