<?xml version="1.0" encoding="UTF-8"?>
<!-- Generated by org.testng.reporters.JUnitReportReporter -->
<testsuite hostname="DESKTOP-2L7QON7" failures="0" tests="1" name="com.testng.demo.TestNGDemo3" time="18.637" errors="0" timestamp="2023-07-07T20:42:32 IST" skipped="0">
  <testcase classname="com.testng.demo.TestNGDemo3" name="launchMyApp" time="18.637"/>
  <system-out/>
</testsuite> <!-- com.testng.demo.TestNGDemo3 -->
