<?xml version="1.0" encoding="UTF-8"?>
<!-- Generated by org.testng.reporters.JUnitReportReporter -->
<testsuite hostname="DESKTOP-2L7QON7" failures="0" tests="1" name="com.testng.demo.SeleniumMethodsDemo2" time="80.845" errors="0" timestamp="2023-07-12T20:07:26 IST" skipped="0">
  <testcase classname="com.testng.demo.SeleniumMethodsDemo2" name="launchApp" time="80.845"/>
  <system-out/>
</testsuite> <!-- com.testng.demo.SeleniumMethodsDemo2 -->
